#
# There is insufficient memory for the Java Runtime Environment to continue.
# Native memory allocation (malloc) failed to allocate 1433296 bytes for Chunk::new
# Possible reasons:
#   The system is out of physical RAM or swap space
#   The process is running with CompressedOops enabled, and the Java Heap may be blocking the growth of the native heap
# Possible solutions:
#   Reduce memory load on the system
#   Increase physical memory or swap space
#   Check if swap backing store is full
#   Decrease Java heap size (-Xmx/-Xms)
#   Decrease number of Java threads
#   Decrease Java thread stack sizes (-Xss)
#   Set larger code cache with -XX:ReservedCodeCacheSize=
#   JVM is running with Unscaled Compressed Oops mode in which the Java heap is
#     placed in the first 4GB address space. The Java Heap base address is the
#     maximum limit for the native heap growth. Please use -XX:HeapBaseMinAddress
#     to set the Java Heap base and to place the Java Heap above 4GB virtual address.
# This output file may be truncated or incomplete.
#
#  Out of Memory Error (arena.cpp:189), pid=3396, tid=11908
#
# JRE version: Java(TM) SE Runtime Environment (17.0.11+7) (build 17.0.11+7-LTS-207)
# Java VM: Java HotSpot(TM) 64-Bit Server VM (17.0.11+7-LTS-207, mixed mode, sharing, tiered, compressed oops, compressed class ptrs, g1 gc, windows-amd64)
# No core dump will be written. Minidumps are not enabled by default on client versions of Windows
#

---------------  S U M M A R Y ------------

Command Line: -javaagent:C:\Users\brand\.m2\repository/org/aspectj/aspectjweaver/1.9.20.1/aspectjweaver-1.9.20.1.jar C:\Users\brand\AppData\Local\Temp\surefire11640836334802681740\surefirebooter-20250422023816541_3.jar C:\Users\brand\AppData\Local\Temp\surefire11640836334802681740 2025-04-22T02-38-16_094-jvmRun1 surefire-20250422023816541_1tmp surefire_0-20250422023816541_2tmp

Host: AMD A8-5500B APU with Radeon(tm) HD Graphics   , 4 cores, 7G,  Windows 10 , 64 bit Build 19041 (10.0.19041.207)
Time: Tue Apr 22 02:38:29 2025 Egypt Standard Time elapsed time: 12.158740 seconds (0d 0h 0m 12s)

---------------  T H R E A D  ---------------

Current thread (0x00000229465c8610):  JavaThread "C2 CompilerThread1" daemon [_thread_in_native, id=11908, stack(0x000000abe1900000,0x000000abe1a00000)]


Current CompileTask:
C2:  12159 2957       4       org.aspectj.weaver.bcel.BcelClassWeaver::weave (885 bytes)

Stack: [0x000000abe1900000,0x000000abe1a00000]
Native frames: (J=compiled Java code, j=interpreted, Vv=VM code, C=native code)
V  [jvm.dll+0x679cca]
V  [jvm.dll+0x7da13d]
V  [jvm.dll+0x7dba83]
V  [jvm.dll+0x7dc0f3]
V  [jvm.dll+0x2449af]
V  [jvm.dll+0xab83b]
V  [jvm.dll+0xabe1c]
V  [jvm.dll+0x2a9e6f]
V  [jvm.dll+0x5818d9]
V  [jvm.dll+0x21ed62]
V  [jvm.dll+0x217cf6]
V  [jvm.dll+0x215505]
V  [jvm.dll+0x1a2040]
V  [jvm.dll+0x225a2b]
V  [jvm.dll+0x223bcb]
V  [jvm.dll+0x7903ec]
V  [jvm.dll+0x78a85a]
V  [jvm.dll+0x678bb5]
C  [ucrtbase.dll+0x21542]
C  [KERNEL32.DLL+0x16fd4]
C  [ntdll.dll+0x4cec1]


---------------  P R O C E S S  ---------------

Threads class SMR info:
_java_thread_list=0x00000229480cfa20, length=16, elements={
0x000002295e261590, 0x000002297b4190c0, 0x000002297b419e50, 0x000002297b42eb50,
0x000002297b431430, 0x000002297b431d00, 0x000002297b4325d0, 0x000002297b436780,
0x000002297b437140, 0x000002297b43b480, 0x000002297b3fe470, 0x000002294582e0b0,
0x0000022945eee4a0, 0x0000022945f62dd0, 0x00000229465c8610, 0x00000229454e7e20
}

Java Threads: ( => current thread )
  0x000002295e261590 JavaThread "main" [_thread_in_vm, id=5460, stack(0x000000abe0300000,0x000000abe0400000)]
  0x000002297b4190c0 JavaThread "Reference Handler" daemon [_thread_blocked, id=6436, stack(0x000000abe0a00000,0x000000abe0b00000)]
  0x000002297b419e50 JavaThread "Finalizer" daemon [_thread_blocked, id=1436, stack(0x000000abe0b00000,0x000000abe0c00000)]
  0x000002297b42eb50 JavaThread "Signal Dispatcher" daemon [_thread_blocked, id=1920, stack(0x000000abe0c00000,0x000000abe0d00000)]
  0x000002297b431430 JavaThread "Attach Listener" daemon [_thread_blocked, id=10512, stack(0x000000abe0d00000,0x000000abe0e00000)]
  0x000002297b431d00 JavaThread "Service Thread" daemon [_thread_blocked, id=5532, stack(0x000000abe0e00000,0x000000abe0f00000)]
  0x000002297b4325d0 JavaThread "Monitor Deflation Thread" daemon [_thread_blocked, id=12516, stack(0x000000abe0f00000,0x000000abe1000000)]
  0x000002297b436780 JavaThread "C2 CompilerThread0" daemon [_thread_in_native, id=9180, stack(0x000000abe1000000,0x000000abe1100000)]
  0x000002297b437140 JavaThread "C1 CompilerThread0" daemon [_thread_in_native, id=12024, stack(0x000000abe1100000,0x000000abe1200000)]
  0x000002297b43b480 JavaThread "Sweeper thread" daemon [_thread_blocked, id=11900, stack(0x000000abe1200000,0x000000abe1300000)]
  0x000002297b3fe470 JavaThread "Common-Cleaner" daemon [_thread_blocked, id=5872, stack(0x000000abe1300000,0x000000abe1400000)]
  0x000002294582e0b0 JavaThread "Notification Thread" daemon [_thread_blocked, id=11248, stack(0x000000abe1400000,0x000000abe1500000)]
  0x0000022945eee4a0 JavaThread "surefire-forkedjvm-stream-flusher" daemon [_thread_blocked, id=6016, stack(0x000000abe1a00000,0x000000abe1b00000)]
  0x0000022945f62dd0 JavaThread "surefire-forkedjvm-command-thread" daemon [_thread_in_native, id=12232, stack(0x000000abe1b00000,0x000000abe1c00000)]
=>0x00000229465c8610 JavaThread "C2 CompilerThread1" daemon [_thread_in_native, id=11908, stack(0x000000abe1900000,0x000000abe1a00000)]
  0x00000229454e7e20 JavaThread "ForkJoinPool.commonPool-worker-1" daemon [_thread_blocked, id=6620, stack(0x000000abe1d00000,0x000000abe1e00000)]

Other Threads:
  0x000002297b40e580 VMThread "VM Thread" [stack: 0x000000abe0900000,0x000000abe0a00000] [id=8228]
  0x000002295e2c8e20 WatcherThread [stack: 0x000000abe1500000,0x000000abe1600000] [id=2156]
  0x000002295e2b27e0 GCTaskThread "GC Thread#0" [stack: 0x000000abe0400000,0x000000abe0500000] [id=6836]
  0x00000229457d5140 GCTaskThread "GC Thread#1" [stack: 0x000000abe1600000,0x000000abe1700000] [id=4904]
  0x0000022945bf29e0 GCTaskThread "GC Thread#2" [stack: 0x000000abe1700000,0x000000abe1800000] [id=4564]
  0x0000022945506d80 GCTaskThread "GC Thread#3" [stack: 0x000000abe1800000,0x000000abe1900000] [id=3880]
  0x000002295e2c1cc0 ConcurrentGCThread "G1 Main Marker" [stack: 0x000000abe0500000,0x000000abe0600000] [id=504]
  0x000002295e2c2d80 ConcurrentGCThread "G1 Conc#0" [stack: 0x000000abe0600000,0x000000abe0700000] [id=7712]
  0x000002295e32b5e0 ConcurrentGCThread "G1 Refine#0" [stack: 0x000000abe0700000,0x000000abe0800000] [id=9740]
  0x0000022946b0d2b0 ConcurrentGCThread "G1 Refine#1" [stack: 0x000000abe1c00000,0x000000abe1d00000] [id=1256]
  0x000002295e32bf20 ConcurrentGCThread "G1 Service" [stack: 0x000000abe0800000,0x000000abe0900000] [id=1488]

Threads with active compile tasks:
C2 CompilerThread0    12219 2986       4       org.aspectj.weaver.bcel.LazyClassGen::<init> (556 bytes)
C2 CompilerThread1    12219 2957       4       org.aspectj.weaver.bcel.BcelClassWeaver::weave (885 bytes)

VM state: not at safepoint (normal execution)

VM Mutex/Monitor currently owned by a thread: None

Heap address: 0x000000008cc00000, size: 1844 MB, Compressed Oops mode: 32-bit

CDS archive(s) mapped at: [0x0000022900000000-0x0000022900bd0000-0x0000022900bd0000), size 12386304, SharedBaseAddress: 0x0000022900000000, ArchiveRelocationMode: 1.
Compressed class space mapped at: 0x0000022901000000-0x0000022941000000, reserved size: 1073741824
Narrow klass base: 0x0000022900000000, Narrow klass shift: 0, Narrow klass range: 0x100000000

GC Precious Log:
 CPUs: 4 total, 4 available
 Memory: 7374M
 Large Page Support: Disabled
 NUMA Support: Disabled
 Compressed Oops: Enabled (32-bit)
 Heap Region Size: 1M
 Heap Min Capacity: 8M
 Heap Initial Capacity: 116M
 Heap Max Capacity: 1844M
 Pre-touch: Disabled
 Parallel Workers: 4
 Concurrent Workers: 1
 Concurrent Refinement Workers: 4
 Periodic GC: Disabled

Heap:
 garbage-first heap   total 143360K, used 67434K [0x000000008cc00000, 0x0000000100000000)
  region size 1024K, 30 young (30720K), 7 survivors (7168K)
 Metaspace       used 20823K, committed 21120K, reserved 1114112K
  class space    used 2211K, committed 2304K, reserved 1048576K

Heap Regions: E=young(eden), S=young(survivor), O=old, HS=humongous(starts), HC=humongous(continues), CS=collection set, F=free, OA=open archive, CA=closed archive, TAMS=top-at-mark-start (previous, next)
|   0|0x000000008cc00000, 0x000000008cd00000, 0x000000008cd00000|100%| O|  |TAMS 0x000000008cc00000, 0x000000008cc00000| Untracked 
|   1|0x000000008cd00000, 0x000000008ce00000, 0x000000008ce00000|100%| O|  |TAMS 0x000000008cd00000, 0x000000008cd00000| Untracked 
|   2|0x000000008ce00000, 0x000000008cf00000, 0x000000008cf00000|100%| O|  |TAMS 0x000000008ce00000, 0x000000008ce00000| Untracked 
|   3|0x000000008cf00000, 0x000000008d000000, 0x000000008d000000|100%| O|  |TAMS 0x000000008cf00000, 0x000000008cf00000| Untracked 
|   4|0x000000008d000000, 0x000000008d100000, 0x000000008d100000|100%| O|  |TAMS 0x000000008d000000, 0x000000008d000000| Untracked 
|   5|0x000000008d100000, 0x000000008d200000, 0x000000008d200000|100%| O|  |TAMS 0x000000008d100000, 0x000000008d100000| Untracked 
|   6|0x000000008d200000, 0x000000008d300000, 0x000000008d300000|100%| O|  |TAMS 0x000000008d200000, 0x000000008d200000| Untracked 
|   7|0x000000008d300000, 0x000000008d400000, 0x000000008d400000|100%| O|  |TAMS 0x000000008d300000, 0x000000008d300000| Untracked 
|   8|0x000000008d400000, 0x000000008d500000, 0x000000008d500000|100%| O|  |TAMS 0x000000008d400000, 0x000000008d400000| Untracked 
|   9|0x000000008d500000, 0x000000008d600000, 0x000000008d600000|100%| O|  |TAMS 0x000000008d500000, 0x000000008d500000| Untracked 
|  10|0x000000008d600000, 0x000000008d700000, 0x000000008d700000|100%| O|  |TAMS 0x000000008d600000, 0x000000008d600000| Untracked 
|  11|0x000000008d700000, 0x000000008d800000, 0x000000008d800000|100%| O|  |TAMS 0x000000008d700000, 0x000000008d700000| Untracked 
|  12|0x000000008d800000, 0x000000008d900000, 0x000000008d900000|100%| O|  |TAMS 0x000000008d800000, 0x000000008d800000| Untracked 
|  13|0x000000008d900000, 0x000000008da00000, 0x000000008da00000|100%| O|  |TAMS 0x000000008d900000, 0x000000008d900000| Untracked 
|  14|0x000000008da00000, 0x000000008db00000, 0x000000008db00000|100%| O|  |TAMS 0x000000008da00000, 0x000000008da00000| Untracked 
|  15|0x000000008db00000, 0x000000008dc00000, 0x000000008dc00000|100%| O|  |TAMS 0x000000008db00000, 0x000000008db00000| Untracked 
|  16|0x000000008dc00000, 0x000000008dd00000, 0x000000008dd00000|100%| O|  |TAMS 0x000000008dc00000, 0x000000008dc00000| Untracked 
|  17|0x000000008dd00000, 0x000000008de00000, 0x000000008de00000|100%| O|  |TAMS 0x000000008dd00000, 0x000000008dd00000| Untracked 
|  18|0x000000008de00000, 0x000000008df00000, 0x000000008df00000|100%| O|  |TAMS 0x000000008de00000, 0x000000008de00000| Untracked 
|  19|0x000000008df00000, 0x000000008e000000, 0x000000008e000000|100%| O|  |TAMS 0x000000008df00000, 0x000000008df00000| Untracked 
|  20|0x000000008e000000, 0x000000008e100000, 0x000000008e100000|100%| O|  |TAMS 0x000000008e000000, 0x000000008e000000| Untracked 
|  21|0x000000008e100000, 0x000000008e200000, 0x000000008e200000|100%| O|  |TAMS 0x000000008e100000, 0x000000008e100000| Untracked 
|  22|0x000000008e200000, 0x000000008e300000, 0x000000008e300000|100%| O|  |TAMS 0x000000008e200000, 0x000000008e200000| Untracked 
|  23|0x000000008e300000, 0x000000008e400000, 0x000000008e400000|100%| O|  |TAMS 0x000000008e300000, 0x000000008e300000| Untracked 
|  24|0x000000008e400000, 0x000000008e500000, 0x000000008e500000|100%| O|  |TAMS 0x000000008e400000, 0x000000008e400000| Untracked 
|  25|0x000000008e500000, 0x000000008e600000, 0x000000008e600000|100%| O|  |TAMS 0x000000008e500000, 0x000000008e500000| Untracked 
|  26|0x000000008e600000, 0x000000008e700000, 0x000000008e700000|100%| O|  |TAMS 0x000000008e600000, 0x000000008e600000| Untracked 
|  27|0x000000008e700000, 0x000000008e800000, 0x000000008e800000|100%| O|  |TAMS 0x000000008e700000, 0x000000008e700000| Untracked 
|  28|0x000000008e800000, 0x000000008e900000, 0x000000008e900000|100%| O|  |TAMS 0x000000008e800000, 0x000000008e800000| Untracked 
|  29|0x000000008e900000, 0x000000008ea00000, 0x000000008ea00000|100%| O|  |TAMS 0x000000008e900000, 0x000000008e900000| Untracked 
|  30|0x000000008ea00000, 0x000000008eb00000, 0x000000008eb00000|100%| O|  |TAMS 0x000000008ea00000, 0x000000008ea00000| Untracked 
|  31|0x000000008eb00000, 0x000000008ec00000, 0x000000008ec00000|100%| O|  |TAMS 0x000000008eb00000, 0x000000008eb00000| Untracked 
|  32|0x000000008ec00000, 0x000000008ed00000, 0x000000008ed00000|100%| O|  |TAMS 0x000000008ec00000, 0x000000008ec00000| Untracked 
|  33|0x000000008ed00000, 0x000000008ee00000, 0x000000008ee00000|100%| O|  |TAMS 0x000000008ed00000, 0x000000008ed00000| Untracked 
|  34|0x000000008ee00000, 0x000000008ef00000, 0x000000008ef00000|100%| O|  |TAMS 0x000000008ee00000, 0x000000008ee00000| Untracked 
|  35|0x000000008ef00000, 0x000000008f000000, 0x000000008f000000|100%| O|  |TAMS 0x000000008ef00000, 0x000000008ef00000| Untracked 
|  36|0x000000008f000000, 0x000000008f0da800, 0x000000008f100000| 85%| O|  |TAMS 0x000000008f000000, 0x000000008f000000| Untracked 
|  37|0x000000008f100000, 0x000000008f100000, 0x000000008f200000|  0%| F|  |TAMS 0x000000008f100000, 0x000000008f100000| Untracked 
|  38|0x000000008f200000, 0x000000008f200000, 0x000000008f300000|  0%| F|  |TAMS 0x000000008f200000, 0x000000008f200000| Untracked 
|  39|0x000000008f300000, 0x000000008f300000, 0x000000008f400000|  0%| F|  |TAMS 0x000000008f300000, 0x000000008f300000| Untracked 
|  40|0x000000008f400000, 0x000000008f400000, 0x000000008f500000|  0%| F|  |TAMS 0x000000008f400000, 0x000000008f400000| Untracked 
|  41|0x000000008f500000, 0x000000008f500000, 0x000000008f600000|  0%| F|  |TAMS 0x000000008f500000, 0x000000008f500000| Untracked 
|  42|0x000000008f600000, 0x000000008f600000, 0x000000008f700000|  0%| F|  |TAMS 0x000000008f600000, 0x000000008f600000| Untracked 
|  43|0x000000008f700000, 0x000000008f700000, 0x000000008f800000|  0%| F|  |TAMS 0x000000008f700000, 0x000000008f700000| Untracked 
|  44|0x000000008f800000, 0x000000008f800000, 0x000000008f900000|  0%| F|  |TAMS 0x000000008f800000, 0x000000008f800000| Untracked 
|  45|0x000000008f900000, 0x000000008f900000, 0x000000008fa00000|  0%| F|  |TAMS 0x000000008f900000, 0x000000008f900000| Untracked 
|  46|0x000000008fa00000, 0x000000008fa00000, 0x000000008fb00000|  0%| F|  |TAMS 0x000000008fa00000, 0x000000008fa00000| Untracked 
|  47|0x000000008fb00000, 0x000000008fb00000, 0x000000008fc00000|  0%| F|  |TAMS 0x000000008fb00000, 0x000000008fb00000| Untracked 
|  48|0x000000008fc00000, 0x000000008fc00000, 0x000000008fd00000|  0%| F|  |TAMS 0x000000008fc00000, 0x000000008fc00000| Untracked 
|  49|0x000000008fd00000, 0x000000008fd00000, 0x000000008fe00000|  0%| F|  |TAMS 0x000000008fd00000, 0x000000008fd00000| Untracked 
|  50|0x000000008fe00000, 0x000000008fe00000, 0x000000008ff00000|  0%| F|  |TAMS 0x000000008fe00000, 0x000000008fe00000| Untracked 
|  51|0x000000008ff00000, 0x000000008ff00000, 0x0000000090000000|  0%| F|  |TAMS 0x000000008ff00000, 0x000000008ff00000| Untracked 
|  52|0x0000000090000000, 0x0000000090000000, 0x0000000090100000|  0%| F|  |TAMS 0x0000000090000000, 0x0000000090000000| Untracked 
|  53|0x0000000090100000, 0x0000000090100000, 0x0000000090200000|  0%| F|  |TAMS 0x0000000090100000, 0x0000000090100000| Untracked 
|  54|0x0000000090200000, 0x0000000090200000, 0x0000000090300000|  0%| F|  |TAMS 0x0000000090200000, 0x0000000090200000| Untracked 
|  55|0x0000000090300000, 0x0000000090300000, 0x0000000090400000|  0%| F|  |TAMS 0x0000000090300000, 0x0000000090300000| Untracked 
|  56|0x0000000090400000, 0x0000000090400000, 0x0000000090500000|  0%| F|  |TAMS 0x0000000090400000, 0x0000000090400000| Untracked 
|  57|0x0000000090500000, 0x0000000090500000, 0x0000000090600000|  0%| F|  |TAMS 0x0000000090500000, 0x0000000090500000| Untracked 
|  58|0x0000000090600000, 0x0000000090600000, 0x0000000090700000|  0%| F|  |TAMS 0x0000000090600000, 0x0000000090600000| Untracked 
|  59|0x0000000090700000, 0x0000000090700000, 0x0000000090800000|  0%| F|  |TAMS 0x0000000090700000, 0x0000000090700000| Untracked 
|  60|0x0000000090800000, 0x0000000090800000, 0x0000000090900000|  0%| F|  |TAMS 0x0000000090800000, 0x0000000090800000| Untracked 
|  61|0x0000000090900000, 0x0000000090900000, 0x0000000090a00000|  0%| F|  |TAMS 0x0000000090900000, 0x0000000090900000| Untracked 
|  62|0x0000000090a00000, 0x0000000090a00000, 0x0000000090b00000|  0%| F|  |TAMS 0x0000000090a00000, 0x0000000090a00000| Untracked 
|  63|0x0000000090b00000, 0x0000000090b00000, 0x0000000090c00000|  0%| F|  |TAMS 0x0000000090b00000, 0x0000000090b00000| Untracked 
|  64|0x0000000090c00000, 0x0000000090c00000, 0x0000000090d00000|  0%| F|  |TAMS 0x0000000090c00000, 0x0000000090c00000| Untracked 
|  65|0x0000000090d00000, 0x0000000090d00000, 0x0000000090e00000|  0%| F|  |TAMS 0x0000000090d00000, 0x0000000090d00000| Untracked 
|  66|0x0000000090e00000, 0x0000000090e00000, 0x0000000090f00000|  0%| F|  |TAMS 0x0000000090e00000, 0x0000000090e00000| Untracked 
|  67|0x0000000090f00000, 0x0000000090f00000, 0x0000000091000000|  0%| F|  |TAMS 0x0000000090f00000, 0x0000000090f00000| Untracked 
|  68|0x0000000091000000, 0x0000000091000000, 0x0000000091100000|  0%| F|  |TAMS 0x0000000091000000, 0x0000000091000000| Untracked 
|  69|0x0000000091100000, 0x0000000091100000, 0x0000000091200000|  0%| F|  |TAMS 0x0000000091100000, 0x0000000091100000| Untracked 
|  70|0x0000000091200000, 0x0000000091200000, 0x0000000091300000|  0%| F|  |TAMS 0x0000000091200000, 0x0000000091200000| Untracked 
|  71|0x0000000091300000, 0x0000000091300000, 0x0000000091400000|  0%| F|  |TAMS 0x0000000091300000, 0x0000000091300000| Untracked 
|  72|0x0000000091400000, 0x0000000091400000, 0x0000000091500000|  0%| F|  |TAMS 0x0000000091400000, 0x0000000091400000| Untracked 
|  73|0x0000000091500000, 0x0000000091500000, 0x0000000091600000|  0%| F|  |TAMS 0x0000000091500000, 0x0000000091500000| Untracked 
|  74|0x0000000091600000, 0x0000000091600000, 0x0000000091700000|  0%| F|  |TAMS 0x0000000091600000, 0x0000000091600000| Untracked 
|  75|0x0000000091700000, 0x0000000091700000, 0x0000000091800000|  0%| F|  |TAMS 0x0000000091700000, 0x0000000091700000| Untracked 
|  76|0x0000000091800000, 0x0000000091800000, 0x0000000091900000|  0%| F|  |TAMS 0x0000000091800000, 0x0000000091800000| Untracked 
|  77|0x0000000091900000, 0x0000000091900000, 0x0000000091a00000|  0%| F|  |TAMS 0x0000000091900000, 0x0000000091900000| Untracked 
|  78|0x0000000091a00000, 0x0000000091a00000, 0x0000000091b00000|  0%| F|  |TAMS 0x0000000091a00000, 0x0000000091a00000| Untracked 
|  79|0x0000000091b00000, 0x0000000091b00000, 0x0000000091c00000|  0%| F|  |TAMS 0x0000000091b00000, 0x0000000091b00000| Untracked 
|  80|0x0000000091c00000, 0x0000000091c00000, 0x0000000091d00000|  0%| F|  |TAMS 0x0000000091c00000, 0x0000000091c00000| Untracked 
|  81|0x0000000091d00000, 0x0000000091d00000, 0x0000000091e00000|  0%| F|  |TAMS 0x0000000091d00000, 0x0000000091d00000| Untracked 
|  82|0x0000000091e00000, 0x0000000091e00000, 0x0000000091f00000|  0%| F|  |TAMS 0x0000000091e00000, 0x0000000091e00000| Untracked 
|  83|0x0000000091f00000, 0x0000000091f00000, 0x0000000092000000|  0%| F|  |TAMS 0x0000000091f00000, 0x0000000091f00000| Untracked 
|  84|0x0000000092000000, 0x0000000092000000, 0x0000000092100000|  0%| F|  |TAMS 0x0000000092000000, 0x0000000092000000| Untracked 
|  85|0x0000000092100000, 0x0000000092100000, 0x0000000092200000|  0%| F|  |TAMS 0x0000000092100000, 0x0000000092100000| Untracked 
|  86|0x0000000092200000, 0x0000000092200000, 0x0000000092300000|  0%| F|  |TAMS 0x0000000092200000, 0x0000000092200000| Untracked 
|  87|0x0000000092300000, 0x0000000092400000, 0x0000000092400000|100%| S|CS|TAMS 0x0000000092300000, 0x0000000092300000| Complete 
|  88|0x0000000092400000, 0x0000000092500000, 0x0000000092500000|100%| S|CS|TAMS 0x0000000092400000, 0x0000000092400000| Complete 
|  89|0x0000000092500000, 0x0000000092600000, 0x0000000092600000|100%| S|CS|TAMS 0x0000000092500000, 0x0000000092500000| Complete 
|  90|0x0000000092600000, 0x0000000092700000, 0x0000000092700000|100%| S|CS|TAMS 0x0000000092600000, 0x0000000092600000| Complete 
|  91|0x0000000092700000, 0x0000000092800000, 0x0000000092800000|100%| S|CS|TAMS 0x0000000092700000, 0x0000000092700000| Complete 
|  92|0x0000000092800000, 0x0000000092900000, 0x0000000092900000|100%| S|CS|TAMS 0x0000000092800000, 0x0000000092800000| Complete 
|  93|0x0000000092900000, 0x0000000092a00000, 0x0000000092a00000|100%| S|CS|TAMS 0x0000000092900000, 0x0000000092900000| Complete 
|  94|0x0000000092a00000, 0x0000000092a00000, 0x0000000092b00000|  0%| F|  |TAMS 0x0000000092a00000, 0x0000000092a00000| Untracked 
|  95|0x0000000092b00000, 0x0000000092b00000, 0x0000000092c00000|  0%| F|  |TAMS 0x0000000092b00000, 0x0000000092b00000| Untracked 
|  96|0x0000000092c00000, 0x0000000092c00000, 0x0000000092d00000|  0%| F|  |TAMS 0x0000000092c00000, 0x0000000092c00000| Untracked 
|  97|0x0000000092d00000, 0x0000000092d00000, 0x0000000092e00000|  0%| F|  |TAMS 0x0000000092d00000, 0x0000000092d00000| Untracked 
|  98|0x0000000092e00000, 0x0000000092e00000, 0x0000000092f00000|  0%| F|  |TAMS 0x0000000092e00000, 0x0000000092e00000| Untracked 
|  99|0x0000000092f00000, 0x0000000092f00000, 0x0000000093000000|  0%| F|  |TAMS 0x0000000092f00000, 0x0000000092f00000| Untracked 
| 100|0x0000000093000000, 0x0000000093000000, 0x0000000093100000|  0%| F|  |TAMS 0x0000000093000000, 0x0000000093000000| Untracked 
| 101|0x0000000093100000, 0x0000000093100000, 0x0000000093200000|  0%| F|  |TAMS 0x0000000093100000, 0x0000000093100000| Untracked 
| 102|0x0000000093200000, 0x0000000093200000, 0x0000000093300000|  0%| F|  |TAMS 0x0000000093200000, 0x0000000093200000| Untracked 
| 103|0x0000000093300000, 0x0000000093300000, 0x0000000093400000|  0%| F|  |TAMS 0x0000000093300000, 0x0000000093300000| Untracked 
| 104|0x0000000093400000, 0x0000000093400000, 0x0000000093500000|  0%| F|  |TAMS 0x0000000093400000, 0x0000000093400000| Untracked 
| 105|0x0000000093500000, 0x0000000093500000, 0x0000000093600000|  0%| F|  |TAMS 0x0000000093500000, 0x0000000093500000| Untracked 
| 106|0x0000000093600000, 0x0000000093600000, 0x0000000093700000|  0%| F|  |TAMS 0x0000000093600000, 0x0000000093600000| Untracked 
| 107|0x0000000093700000, 0x0000000093700000, 0x0000000093800000|  0%| F|  |TAMS 0x0000000093700000, 0x0000000093700000| Untracked 
| 108|0x0000000093800000, 0x0000000093800000, 0x0000000093900000|  0%| F|  |TAMS 0x0000000093800000, 0x0000000093800000| Untracked 
| 109|0x0000000093900000, 0x0000000093900000, 0x0000000093a00000|  0%| F|  |TAMS 0x0000000093900000, 0x0000000093900000| Untracked 
| 110|0x0000000093a00000, 0x0000000093a00000, 0x0000000093b00000|  0%| F|  |TAMS 0x0000000093a00000, 0x0000000093a00000| Untracked 
| 111|0x0000000093b00000, 0x0000000093b00000, 0x0000000093c00000|  0%| F|  |TAMS 0x0000000093b00000, 0x0000000093b00000| Untracked 
| 112|0x0000000093c00000, 0x0000000093c00000, 0x0000000093d00000|  0%| F|  |TAMS 0x0000000093c00000, 0x0000000093c00000| Untracked 
| 113|0x0000000093d00000, 0x0000000093d00000, 0x0000000093e00000|  0%| F|  |TAMS 0x0000000093d00000, 0x0000000093d00000| Untracked 
| 114|0x0000000093e00000, 0x0000000093e00000, 0x0000000093f00000|  0%| F|  |TAMS 0x0000000093e00000, 0x0000000093e00000| Untracked 
| 115|0x0000000093f00000, 0x0000000093f00000, 0x0000000094000000|  0%| F|  |TAMS 0x0000000093f00000, 0x0000000093f00000| Untracked 
| 116|0x0000000094000000, 0x0000000094000000, 0x0000000094100000|  0%| F|  |TAMS 0x0000000094000000, 0x0000000094000000| Untracked 
| 117|0x0000000094100000, 0x0000000094200000, 0x0000000094200000|100%| E|  |TAMS 0x0000000094100000, 0x0000000094100000| Complete 
| 118|0x0000000094200000, 0x0000000094300000, 0x0000000094300000|100%| E|CS|TAMS 0x0000000094200000, 0x0000000094200000| Complete 
| 119|0x0000000094300000, 0x0000000094400000, 0x0000000094400000|100%| E|CS|TAMS 0x0000000094300000, 0x0000000094300000| Complete 
| 120|0x0000000094400000, 0x0000000094500000, 0x0000000094500000|100%| E|CS|TAMS 0x0000000094400000, 0x0000000094400000| Complete 
| 121|0x0000000094500000, 0x0000000094600000, 0x0000000094600000|100%| E|CS|TAMS 0x0000000094500000, 0x0000000094500000| Complete 
| 122|0x0000000094600000, 0x0000000094700000, 0x0000000094700000|100%| E|CS|TAMS 0x0000000094600000, 0x0000000094600000| Complete 
| 123|0x0000000094700000, 0x0000000094800000, 0x0000000094800000|100%| E|CS|TAMS 0x0000000094700000, 0x0000000094700000| Complete 
| 124|0x0000000094800000, 0x0000000094900000, 0x0000000094900000|100%| E|CS|TAMS 0x0000000094800000, 0x0000000094800000| Complete 
| 125|0x0000000094900000, 0x0000000094a00000, 0x0000000094a00000|100%| E|CS|TAMS 0x0000000094900000, 0x0000000094900000| Complete 
| 126|0x0000000094a00000, 0x0000000094b00000, 0x0000000094b00000|100%| E|CS|TAMS 0x0000000094a00000, 0x0000000094a00000| Complete 
| 127|0x0000000094b00000, 0x0000000094c00000, 0x0000000094c00000|100%| E|CS|TAMS 0x0000000094b00000, 0x0000000094b00000| Complete 
| 128|0x0000000094c00000, 0x0000000094d00000, 0x0000000094d00000|100%| E|CS|TAMS 0x0000000094c00000, 0x0000000094c00000| Complete 
| 129|0x0000000094d00000, 0x0000000094e00000, 0x0000000094e00000|100%| E|CS|TAMS 0x0000000094d00000, 0x0000000094d00000| Complete 
| 130|0x0000000094e00000, 0x0000000094f00000, 0x0000000094f00000|100%| E|CS|TAMS 0x0000000094e00000, 0x0000000094e00000| Complete 
| 131|0x0000000094f00000, 0x0000000095000000, 0x0000000095000000|100%| E|CS|TAMS 0x0000000094f00000, 0x0000000094f00000| Complete 
| 132|0x0000000095000000, 0x0000000095100000, 0x0000000095100000|100%| E|CS|TAMS 0x0000000095000000, 0x0000000095000000| Complete 
| 133|0x0000000095100000, 0x0000000095200000, 0x0000000095200000|100%| E|CS|TAMS 0x0000000095100000, 0x0000000095100000| Complete 
| 134|0x0000000095200000, 0x0000000095300000, 0x0000000095300000|100%| E|CS|TAMS 0x0000000095200000, 0x0000000095200000| Complete 
| 135|0x0000000095300000, 0x0000000095400000, 0x0000000095400000|100%| E|CS|TAMS 0x0000000095300000, 0x0000000095300000| Complete 
| 136|0x0000000095400000, 0x0000000095500000, 0x0000000095500000|100%| E|CS|TAMS 0x0000000095400000, 0x0000000095400000| Complete 
| 137|0x0000000095500000, 0x0000000095600000, 0x0000000095600000|100%| E|CS|TAMS 0x0000000095500000, 0x0000000095500000| Complete 
| 138|0x0000000095600000, 0x0000000095700000, 0x0000000095700000|100%| E|CS|TAMS 0x0000000095600000, 0x0000000095600000| Complete 
| 139|0x0000000095700000, 0x0000000095800000, 0x0000000095800000|100%| E|CS|TAMS 0x0000000095700000, 0x0000000095700000| Complete 

Card table byte_map: [0x0000022974ed0000,0x0000022975270000] _byte_map_base: 0x0000022974a6a000

Marking Bits (Prev, Next): (CMBitMap*) 0x000002295e2b2d10, (CMBitMap*) 0x000002295e2b2d50
 Prev Bits: [0x0000022975610000, 0x00000229772e0000)
 Next Bits: [0x00000229772e0000, 0x0000022978fb0000)

Polling page: 0x000002295da40000

Metaspace:

Usage:
  Non-class:     18.29 MB used.
      Class:      2.18 MB used.
       Both:     20.46 MB used.

Virtual space:
  Non-class space:       64.00 MB reserved,      18.44 MB ( 29%) committed,  1 nodes.
      Class space:        1.00 GB reserved,       2.31 MB ( <1%) committed,  1 nodes.
             Both:        1.06 GB reserved,      20.75 MB (  2%) committed. 

Chunk freelists:
   Non-Class:  13.55 MB
       Class:  13.69 MB
        Both:  27.23 MB

MaxMetaspaceSize: unlimited
CompressedClassSpaceSize: 1.00 GB
Initial GC threshold: 21.00 MB
Current GC threshold: 21.00 MB
CDS: on
MetaspaceReclaimPolicy: balanced
 - commit_granule_bytes: 65536.
 - commit_granule_words: 8192.
 - virtual_space_node_default_size: 8388608.
 - enlarge_chunks_in_place: 1.
 - new_chunks_are_fully_committed: 0.
 - uncommit_free_chunks: 1.
 - use_allocation_guard: 0.
 - handle_deallocations: 1.


Internal statistics:

num_allocs_failed_limit: 0.
num_arena_births: 282.
num_arena_deaths: 0.
num_vsnodes_births: 2.
num_vsnodes_deaths: 0.
num_space_committed: 332.
num_space_uncommitted: 0.
num_chunks_returned_to_freelist: 0.
num_chunks_taken_from_freelist: 817.
num_chunk_merges: 0.
num_chunk_splits: 603.
num_chunks_enlarged: 487.
num_inconsistent_stats: 0.

CodeHeap 'non-profiled nmethods': size=120000Kb used=1856Kb max_used=2436Kb free=118144Kb
 bounds [0x000002296d600000, 0x000002296d870000, 0x0000022974b30000]
CodeHeap 'profiled nmethods': size=120000Kb used=5603Kb max_used=7362Kb free=114396Kb
 bounds [0x0000022965b30000, 0x0000022966270000, 0x000002296d060000]
CodeHeap 'non-nmethods': size=5760Kb used=1218Kb max_used=1243Kb free=4541Kb
 bounds [0x000002296d060000, 0x000002296d2d0000, 0x000002296d600000]
 total_blobs=3064 nmethods=2537 adapters=440
 compilation: enabled
              stopped_count=0, restarted_count=0
 full_count=0

Compilation events (20 events):
Event: 12.048 Thread 0x000002297b437140 nmethod 3002 0x0000022965c8b990 code [0x0000022965c8bb20, 0x0000022965c8bc68]
Event: 12.062 Thread 0x000002297b437140 3004       3       org.aspectj.apache.bcel.classfile.LineNumberTable::getLineNumberTable (9 bytes)
Event: 12.063 Thread 0x000002297b437140 nmethod 3004 0x0000022965cb6b10 code [0x0000022965cb6ca0, 0x0000022965cb6de8]
Event: 12.123 Thread 0x000002297b437140 3005       3       java.lang.invoke.MethodHandles$Lookup::checkMethod (87 bytes)
Event: 12.124 Thread 0x000002297b437140 nmethod 3005 0x0000022965caba10 code [0x0000022965cabc20, 0x0000022965cac398]
Event: 12.124 Thread 0x000002297b437140 3006       3       java.lang.invoke.MethodHandles$Lookup::maybeBindCaller (72 bytes)
Event: 12.125 Thread 0x000002297b437140 nmethod 3006 0x0000022965e3b790 code [0x0000022965e3b9c0, 0x0000022965e3c288]
Event: 12.133 Thread 0x000002297b437140 3012       3       java.lang.reflect.AccessibleObject::checkPermission (16 bytes)
Event: 12.134 Thread 0x000002297b437140 nmethod 3012 0x0000022965cd9d90 code [0x0000022965cd9f40, 0x0000022965cda228]
Event: 12.134 Thread 0x000002297b437140 3013       3       java.lang.reflect.AccessibleObject::checkCanSetAccessible (9 bytes)
Event: 12.134 Thread 0x000002297b437140 nmethod 3013 0x0000022965db4790 code [0x0000022965db4920, 0x0000022965db4a68]
Event: 12.136 Thread 0x000002297b437140 3014       3       java.lang.invoke.DelegatingMethodHandle::<init> (10 bytes)
Event: 12.137 Thread 0x000002297b437140 nmethod 3014 0x0000022965c21f90 code [0x0000022965c22160, 0x0000022965c22538]
Event: 12.137 Thread 0x000002297b437140 3015       3       java.lang.invoke.DelegatingMethodHandle::chooseDelegatingForm (24 bytes)
Event: 12.137 Thread 0x000002297b437140 nmethod 3015 0x000002296623a990 code [0x000002296623ab40, 0x000002296623ae88]
Event: 12.138 Thread 0x000002297b437140 3016       3       java.lang.invoke.InfoFromMemberName::<init> (72 bytes)
Event: 12.139 Thread 0x000002297b437140 nmethod 3016 0x0000022965c7d090 code [0x0000022965c7d240, 0x0000022965c7d418]
Event: 12.139 Thread 0x000002297b437140 3017       3       java.lang.invoke.InnerClassLambdaMetafactory::lambdaClassName (57 bytes)
Event: 12.139 Thread 0x000002297b437140 nmethod 3017 0x0000022965b56a90 code [0x0000022965b56d20, 0x0000022965b57548]
Event: 12.155 Thread 0x000002297b437140 3018       3       java.lang.invoke.AbstractValidatingLambdaMetafactory::validateMetafactoryArgs (607 bytes)

GC Heap History (14 events):
Event: 0.909 GC heap before
{Heap before GC invocations=0 (full 0):
 garbage-first heap   total 118784K, used 12288K [0x000000008cc00000, 0x0000000100000000)
  region size 1024K, 13 young (13312K), 0 survivors (0K)
 Metaspace       used 3281K, committed 3456K, reserved 1114112K
  class space    used 294K, committed 384K, reserved 1048576K
}
Event: 0.918 GC heap after
{Heap after GC invocations=1 (full 0):
 garbage-first heap   total 118784K, used 6475K [0x000000008cc00000, 0x0000000100000000)
  region size 1024K, 2 young (2048K), 2 survivors (2048K)
 Metaspace       used 3281K, committed 3456K, reserved 1114112K
  class space    used 294K, committed 384K, reserved 1048576K
}
Event: 1.440 GC heap before
{Heap before GC invocations=1 (full 0):
 garbage-first heap   total 118784K, used 15691K [0x000000008cc00000, 0x0000000100000000)
  region size 1024K, 12 young (12288K), 2 survivors (2048K)
 Metaspace       used 5905K, committed 6016K, reserved 1114112K
  class space    used 542K, committed 576K, reserved 1048576K
}
Event: 1.445 GC heap after
{Heap after GC invocations=2 (full 0):
 garbage-first heap   total 118784K, used 7414K [0x000000008cc00000, 0x0000000100000000)
  region size 1024K, 2 young (2048K), 2 survivors (2048K)
 Metaspace       used 5905K, committed 6016K, reserved 1114112K
  class space    used 542K, committed 576K, reserved 1048576K
}
Event: 2.696 GC heap before
{Heap before GC invocations=2 (full 0):
 garbage-first heap   total 118784K, used 29942K [0x000000008cc00000, 0x0000000100000000)
  region size 1024K, 24 young (24576K), 2 survivors (2048K)
 Metaspace       used 9236K, committed 9344K, reserved 1114112K
  class space    used 825K, committed 896K, reserved 1048576K
}
Event: 2.715 GC heap after
{Heap after GC invocations=3 (full 0):
 garbage-first heap   total 118784K, used 14264K [0x000000008cc00000, 0x0000000100000000)
  region size 1024K, 3 young (3072K), 3 survivors (3072K)
 Metaspace       used 9236K, committed 9344K, reserved 1114112K
  class space    used 825K, committed 896K, reserved 1048576K
}
Event: 4.252 GC heap before
{Heap before GC invocations=3 (full 0):
 garbage-first heap   total 118784K, used 41912K [0x000000008cc00000, 0x0000000100000000)
  region size 1024K, 30 young (30720K), 3 survivors (3072K)
 Metaspace       used 11722K, committed 11904K, reserved 1114112K
  class space    used 1083K, committed 1152K, reserved 1048576K
}
Event: 4.279 GC heap after
{Heap after GC invocations=4 (full 0):
 garbage-first heap   total 118784K, used 23293K [0x000000008cc00000, 0x0000000100000000)
  region size 1024K, 4 young (4096K), 4 survivors (4096K)
 Metaspace       used 11722K, committed 11904K, reserved 1114112K
  class space    used 1083K, committed 1152K, reserved 1048576K
}
Event: 5.367 GC heap before
{Heap before GC invocations=4 (full 0):
 garbage-first heap   total 118784K, used 62205K [0x000000008cc00000, 0x0000000100000000)
  region size 1024K, 42 young (43008K), 4 survivors (4096K)
 Metaspace       used 13578K, committed 13696K, reserved 1114112K
  class space    used 1231K, committed 1280K, reserved 1048576K
}
Event: 5.399 GC heap after
{Heap after GC invocations=5 (full 0):
 garbage-first heap   total 118784K, used 34304K [0x000000008cc00000, 0x0000000100000000)
  region size 1024K, 6 young (6144K), 6 survivors (6144K)
 Metaspace       used 13578K, committed 13696K, reserved 1114112K
  class space    used 1231K, committed 1280K, reserved 1048576K
}
Event: 6.865 GC heap before
{Heap before GC invocations=5 (full 0):
 garbage-first heap   total 118784K, used 68096K [0x000000008cc00000, 0x0000000100000000)
  region size 1024K, 39 young (39936K), 6 survivors (6144K)
 Metaspace       used 14972K, committed 15104K, reserved 1114112K
  class space    used 1399K, committed 1472K, reserved 1048576K
}
Event: 6.894 GC heap after
{Heap after GC invocations=6 (full 0):
 garbage-first heap   total 143360K, used 38912K [0x000000008cc00000, 0x0000000100000000)
  region size 1024K, 4 young (4096K), 4 survivors (4096K)
 Metaspace       used 14972K, committed 15104K, reserved 1114112K
  class space    used 1399K, committed 1472K, reserved 1048576K
}
Event: 9.824 GC heap before
{Heap before GC invocations=6 (full 0):
 garbage-first heap   total 143360K, used 86016K [0x000000008cc00000, 0x0000000100000000)
  region size 1024K, 50 young (51200K), 4 survivors (4096K)
 Metaspace       used 18700K, committed 18944K, reserved 1114112K
  class space    used 1891K, committed 1984K, reserved 1048576K
}
Event: 9.839 GC heap after
{Heap after GC invocations=7 (full 0):
 garbage-first heap   total 143360K, used 44906K [0x000000008cc00000, 0x0000000100000000)
  region size 1024K, 7 young (7168K), 7 survivors (7168K)
 Metaspace       used 18700K, committed 18944K, reserved 1114112K
  class space    used 1891K, committed 1984K, reserved 1048576K
}

Deoptimization events (20 events):
Event: 9.671 Thread 0x000002295e261590 DEOPT PACKING pc=0x000002296d72b158 sp=0x000000abe03fdd30
Event: 9.671 Thread 0x000002295e261590 DEOPT UNPACKING pc=0x000002296d0b23a3 sp=0x000000abe03fdc48 mode 2
Event: 9.672 Thread 0x000002295e261590 Uncommon trap: trap_request=0xffffff45 fr.pc=0x000002296d72c3b4 relative=0x00000000000000b4
Event: 9.672 Thread 0x000002295e261590 Uncommon trap: reason=unstable_if action=reinterpret pc=0x000002296d72c3b4 method=java.lang.ThreadLocal$ThreadLocalMap.getEntry(Ljava/lang/ThreadLocal;)Ljava/lang/ThreadLocal$ThreadLocalMap$Entry; @ 29 c2
Event: 9.672 Thread 0x000002295e261590 DEOPT PACKING pc=0x000002296d72c3b4 sp=0x000000abe03fdc20
Event: 9.672 Thread 0x000002295e261590 DEOPT UNPACKING pc=0x000002296d0b23a3 sp=0x000000abe03fdbc0 mode 2
Event: 9.822 Thread 0x000002295e261590 DEOPT PACKING pc=0x0000022965e809d0 sp=0x000000abe03f8580
Event: 9.822 Thread 0x000002295e261590 DEOPT UNPACKING pc=0x000002296d0b2b43 sp=0x000000abe03f7ba0 mode 0
Event: 10.198 Thread 0x000002295e261590 Uncommon trap: trap_request=0xffffff45 fr.pc=0x000002296d6a0f2c relative=0x0000000000000d8c
Event: 10.198 Thread 0x000002295e261590 Uncommon trap: reason=unstable_if action=reinterpret pc=0x000002296d6a0f2c method=java.util.concurrent.ConcurrentHashMap.putVal(Ljava/lang/Object;Ljava/lang/Object;Z)Ljava/lang/Object; @ 148 c2
Event: 10.198 Thread 0x000002295e261590 DEOPT PACKING pc=0x000002296d6a0f2c sp=0x000000abe03fcd70
Event: 10.198 Thread 0x000002295e261590 DEOPT UNPACKING pc=0x000002296d0b23a3 sp=0x000000abe03fcce0 mode 2
Event: 10.256 Thread 0x000002295e261590 Uncommon trap: trap_request=0xffffff45 fr.pc=0x000002296d74e9f0 relative=0x0000000000003690
Event: 10.256 Thread 0x000002295e261590 Uncommon trap: reason=unstable_if action=reinterpret pc=0x000002296d74e9f0 method=java.net.URLStreamHandler.parseURL(Ljava/net/URL;Ljava/lang/String;II)V @ 698 c2
Event: 10.256 Thread 0x000002295e261590 DEOPT PACKING pc=0x000002296d74e9f0 sp=0x000000abe03fcd40
Event: 10.256 Thread 0x000002295e261590 DEOPT UNPACKING pc=0x000002296d0b23a3 sp=0x000000abe03fcd00 mode 2
Event: 10.393 Thread 0x000002295e261590 Uncommon trap: trap_request=0xffffff45 fr.pc=0x000002296d851c8c relative=0x00000000000007cc
Event: 10.393 Thread 0x000002295e261590 Uncommon trap: reason=unstable_if action=reinterpret pc=0x000002296d851c8c method=org.aspectj.weaver.ReferenceType.isAssignableFrom(Lorg/aspectj/weaver/ResolvedType;Z)Z @ 825 c2
Event: 10.393 Thread 0x000002295e261590 DEOPT PACKING pc=0x000002296d851c8c sp=0x000000abe03f8810
Event: 10.393 Thread 0x000002295e261590 DEOPT UNPACKING pc=0x000002296d0b23a3 sp=0x000000abe03f8798 mode 2

Classes unloaded (0 events):
No events

Classes redefined (0 events):
No events

Internal exceptions (20 events):
Event: 9.535 Thread 0x000002295e261590 Exception <a 'java/lang/IncompatibleClassChangeError'{0x00000000930fb0f0}: Found class java.lang.Object, but interface was expected> (0x00000000930fb0f0) 
thrown [s\open\src\hotspot\share\interpreter\linkResolver.cpp, line 826]
Event: 9.536 Thread 0x000002295e261590 Exception <a 'java/lang/NoSuchMethodError'{0x00000000930fef40}: 'int java.lang.invoke.DirectMethodHandle$Holder.invokeSpecial(java.lang.Object, java.lang.Object, java.lang.Object, java.lang.Object, java.lang.Object)'> (0x00000000930fef40) 
thrown [s\open\src\hotspot\share\interpreter\linkResolver.cpp, line 759]
Event: 9.674 Thread 0x000002295e261590 Exception <a 'java/lang/IncompatibleClassChangeError'{0x0000000092e99b58}: Found class java.lang.Object, but interface was expected> (0x0000000092e99b58) 
thrown [s\open\src\hotspot\share\interpreter\linkResolver.cpp, line 826]
Event: 9.676 Thread 0x000002295e261590 Exception <a 'java/lang/IncompatibleClassChangeError'{0x0000000092e9cdc0}: Found class java.lang.Object, but interface was expected> (0x0000000092e9cdc0) 
thrown [s\open\src\hotspot\share\interpreter\linkResolver.cpp, line 826]
Event: 10.253 Thread 0x000002295e261590 Exception <a 'java/net/SocketException'{0x00000000952f54b0}: Socket is not connected: shutdown> (0x00000000952f54b0) 
thrown [s\open\src\hotspot\share\prims\jni.cpp, line 535]
Event: 10.253 Thread 0x000002295e261590 Exception <a 'java/net/SocketException'{0x00000000952f5dd0}: Socket is not connected: shutdown> (0x00000000952f5dd0) 
thrown [s\open\src\hotspot\share\prims\jni.cpp, line 535]
Event: 10.480 Thread 0x000002295e261590 Exception <a 'java/lang/NoSuchMethodError'{0x0000000094dc2788}: 'void java.lang.invoke.DirectMethodHandle$Holder.invokeStaticInit(java.lang.Object, java.lang.Object)'> (0x0000000094dc2788) 
thrown [s\open\src\hotspot\share\interpreter\linkResolver.cpp, line 759]
Event: 10.595 Thread 0x000002295e261590 Exception <a 'java/lang/NoSuchMethodError'{0x0000000094be81f0}: 'void java.lang.invoke.DirectMethodHandle$Holder.invokeStatic(java.lang.Object, long)'> (0x0000000094be81f0) 
thrown [s\open\src\hotspot\share\interpreter\linkResolver.cpp, line 759]
Event: 10.595 Thread 0x000002295e261590 Exception <a 'java/lang/NoSuchMethodError'{0x0000000094bedae8}: 'java.lang.Object java.lang.invoke.DirectMethodHandle$Holder.newInvokeSpecial(java.lang.Object, long)'> (0x0000000094bedae8) 
thrown [s\open\src\hotspot\share\interpreter\linkResolver.cpp, line 759]
Event: 10.597 Thread 0x000002295e261590 Exception <a 'java/lang/NoSuchMethodError'{0x0000000094bf7bd0}: 'java.lang.Object java.lang.invoke.DirectMethodHandle$Holder.invokeStatic(java.lang.Object, java.lang.Object, long, java.lang.Object)'> (0x0000000094bf7bd0) 
thrown [s\open\src\hotspot\share\interpreter\linkResolver.cpp, line 759]
Event: 10.597 Thread 0x000002295e261590 Exception <a 'java/lang/NoSuchMethodError'{0x0000000094bfb910}: 'java.lang.Object java.lang.invoke.DirectMethodHandle$Holder.invokeStaticInit(java.lang.Object, java.lang.Object, long, java.lang.Object)'> (0x0000000094bfb910) 
thrown [s\open\src\hotspot\share\interpreter\linkResolver.cpp, line 759]
Event: 10.598 Thread 0x000002295e261590 Exception <a 'java/lang/NoSuchMethodError'{0x0000000094a02378}: 'java.lang.Object java.lang.invoke.DirectMethodHandle$Holder.newInvokeSpecial(java.lang.Object, java.lang.Object, long)'> (0x0000000094a02378) 
thrown [s\open\src\hotspot\share\interpreter\linkResolver.cpp, line 759]
Event: 11.793 Thread 0x000002295e261590 Exception <a 'java/lang/NoSuchMethodError'{0x00000000949584d0}: 'java.lang.Object java.lang.invoke.DirectMethodHandle$Holder.invokeSpecialIFC(java.lang.Object, java.lang.Object, java.lang.Object, java.lang.Object)'> (0x00000000949584d0) 
thrown [s\open\src\hotspot\share\interpreter\linkResolver.cpp, line 759]
Event: 11.797 Thread 0x000002295e261590 Exception <a 'java/lang/NoSuchMethodError'{0x000000009498e558}: 'double java.lang.invoke.DirectMethodHandle$Holder.invokeVirtual(java.lang.Object, java.lang.Object)'> (0x000000009498e558) 
thrown [s\open\src\hotspot\share\interpreter\linkResolver.cpp, line 759]
Event: 11.799 Thread 0x000002295e261590 Exception <a 'java/lang/NoSuchMethodError'{0x0000000094994fa8}: 'float java.lang.invoke.DirectMethodHandle$Holder.invokeVirtual(java.lang.Object, java.lang.Object)'> (0x0000000094994fa8) 
thrown [s\open\src\hotspot\share\interpreter\linkResolver.cpp, line 759]
Event: 11.800 Thread 0x000002295e261590 Exception <a 'java/lang/NoSuchMethodError'{0x000000009499e230}: 'long java.lang.invoke.DirectMethodHandle$Holder.invokeVirtual(java.lang.Object, java.lang.Object)'> (0x000000009499e230) 
thrown [s\open\src\hotspot\share\interpreter\linkResolver.cpp, line 759]
Event: 12.131 Thread 0x000002295e261590 Exception <a 'java/lang/NoSuchMethodError'{0x000000009427ae08}: 'java.lang.Object java.lang.invoke.DirectMethodHandle$Holder.invokeStatic(java.lang.Object, java.lang.Object, int)'> (0x000000009427ae08) 
thrown [s\open\src\hotspot\share\interpreter\linkResolver.cpp, line 759]
Event: 12.131 Thread 0x000002295e261590 Exception <a 'java/lang/NoSuchMethodError'{0x000000009427e9a0}: 'java.lang.Object java.lang.invoke.DirectMethodHandle$Holder.invokeStaticInit(java.lang.Object, java.lang.Object, int)'> (0x000000009427e9a0) 
thrown [s\open\src\hotspot\share\interpreter\linkResolver.cpp, line 759]
Event: 12.132 Thread 0x000002295e261590 Exception <a 'java/lang/NoSuchMethodError'{0x0000000094285070}: 'java.lang.Object java.lang.invoke.DirectMethodHandle$Holder.newInvokeSpecial(java.lang.Object, java.lang.Object, int)'> (0x0000000094285070) 
thrown [s\open\src\hotspot\share\interpreter\linkResolver.cpp, line 759]
Event: 12.137 Thread 0x000002295e261590 Exception <a 'java/lang/NoSuchMethodError'{0x000000009429fda8}: 'int java.lang.invoke.DirectMethodHandle$Holder.invokeSpecialIFC(java.lang.Object, java.lang.Object, java.lang.Object)'> (0x000000009429fda8) 
thrown [s\open\src\hotspot\share\interpreter\linkResolver.cpp, line 759]

VM Operations (20 events):
Event: 7.246 Executing VM operation: HandshakeAllThreads
Event: 7.246 Executing VM operation: HandshakeAllThreads done
Event: 7.398 Executing VM operation: HandshakeAllThreads
Event: 7.398 Executing VM operation: HandshakeAllThreads done
Event: 8.406 Executing VM operation: Cleanup
Event: 8.439 Executing VM operation: Cleanup done
Event: 9.017 Executing VM operation: HandshakeAllThreads
Event: 9.017 Executing VM operation: HandshakeAllThreads done
Event: 9.222 Executing VM operation: HandshakeAllThreads
Event: 9.222 Executing VM operation: HandshakeAllThreads done
Event: 9.824 Executing VM operation: G1CollectForAllocation
Event: 9.877 Executing VM operation: G1CollectForAllocation done
Event: 10.256 Executing VM operation: HandshakeAllThreads
Event: 10.256 Executing VM operation: HandshakeAllThreads done
Event: 10.315 Executing VM operation: HandshakeAllThreads
Event: 10.340 Executing VM operation: HandshakeAllThreads done
Event: 10.387 Executing VM operation: HandshakeAllThreads
Event: 10.404 Executing VM operation: HandshakeAllThreads done
Event: 11.416 Executing VM operation: Cleanup
Event: 11.416 Executing VM operation: Cleanup done

Events (20 events):
Event: 11.924 loading class sun/nio/ch/FileChannelImpl$Closer done
Event: 12.043 Thread 0x00000229454e7e20 Thread added: 0x00000229454e7e20
Event: 12.058 loading class java/net/Authenticator
Event: 12.058 loading class java/net/Authenticator done
Event: 12.061 loading class java/net/ProxySelector
Event: 12.061 loading class java/net/ProxySelector done
Event: 12.063 loading class java/util/concurrent/CancellationException
Event: 12.063 loading class java/util/concurrent/CancellationException done
Event: 12.116 loading class java/net/ProtocolException
Event: 12.116 loading class java/net/ProtocolException done
Event: 12.119 loading class java/util/concurrent/Flow$Publisher
Event: 12.119 loading class java/util/concurrent/Flow$Publisher done
Event: 12.127 loading class javax/net/ssl/SSLHandshakeException
Event: 12.128 loading class javax/net/ssl/SSLException
Event: 12.128 loading class javax/net/ssl/SSLException done
Event: 12.128 loading class javax/net/ssl/SSLHandshakeException done
Event: 12.129 loading class java/nio/charset/CharacterCodingException
Event: 12.129 loading class java/nio/charset/CharacterCodingException done
Event: 12.129 loading class javax/net/ssl/SSLSession
Event: 12.130 loading class javax/net/ssl/SSLSession done


Dynamic libraries:
0x00007ff674c10000 - 0x00007ff674c20000 	F:\java 17\bin\java.exe
0x00007ffaabef0000 - 0x00007ffaac0e4000 	C:\Windows\SYSTEM32\ntdll.dll
0x00007ffaab8a0000 - 0x00007ffaab95d000 	C:\Windows\System32\KERNEL32.DLL
0x00007ffaa9b30000 - 0x00007ffaa9df7000 	C:\Windows\System32\KERNELBASE.dll
0x00007ffaa96c0000 - 0x00007ffaa97c0000 	C:\Windows\System32\ucrtbase.dll
0x00007ffa9ede0000 - 0x00007ffa9edfb000 	F:\java 17\bin\VCRUNTIME140.dll
0x00007ffaa1f10000 - 0x00007ffaa1f29000 	F:\java 17\bin\jli.dll
0x00007ffaaa040000 - 0x00007ffaaa0ea000 	C:\Windows\System32\ADVAPI32.dll
0x00007ffaaba10000 - 0x00007ffaabaae000 	C:\Windows\System32\msvcrt.dll
0x00007ffaab960000 - 0x00007ffaab9fb000 	C:\Windows\System32\sechost.dll
0x00007ffaaa0f0000 - 0x00007ffaaa213000 	C:\Windows\System32\RPCRT4.dll
0x00007ffaabd10000 - 0x00007ffaabeb0000 	C:\Windows\System32\USER32.dll
0x00007ffa9a140000 - 0x00007ffa9a3da000 	C:\Windows\WinSxS\amd64_microsoft.windows.common-controls_6595b64144ccf1df_6.0.19041.1_none_b555e41d4684ddec\COMCTL32.dll
0x00007ffaa97c0000 - 0x00007ffaa97e2000 	C:\Windows\System32\win32u.dll
0x00007ffaa9f70000 - 0x00007ffaa9f9a000 	C:\Windows\System32\GDI32.dll
0x00007ffaa9840000 - 0x00007ffaa9949000 	C:\Windows\System32\gdi32full.dll
0x00007ffaa9a90000 - 0x00007ffaa9b2d000 	C:\Windows\System32\msvcp_win.dll
0x00007ffa9bae0000 - 0x00007ffa9baea000 	C:\Windows\SYSTEM32\VERSION.dll
0x00007ffaaa010000 - 0x00007ffaaa040000 	C:\Windows\System32\IMM32.DLL
0x00007ffaa3710000 - 0x00007ffaa371c000 	F:\java 17\bin\vcruntime140_1.dll
0x00007ffa92650000 - 0x00007ffa926de000 	F:\java 17\bin\msvcp140.dll
0x00007ffa7a750000 - 0x00007ffa7b330000 	F:\java 17\bin\server\jvm.dll
0x00007ffaaa000000 - 0x00007ffaaa008000 	C:\Windows\System32\PSAPI.DLL
0x00007ffaa34f0000 - 0x00007ffaa34f9000 	C:\Windows\SYSTEM32\WSOCK32.dll
0x00007ffaabb60000 - 0x00007ffaabbcb000 	C:\Windows\System32\WS2_32.dll
0x00007ffa9a080000 - 0x00007ffa9a0a7000 	C:\Windows\SYSTEM32\WINMM.dll
0x00007ffaa75f0000 - 0x00007ffaa7603000 	C:\Windows\SYSTEM32\kernel.appcore.dll
0x00007ffa9edb0000 - 0x00007ffa9edba000 	F:\java 17\bin\jimage.dll
0x00007ffa9b080000 - 0x00007ffa9b264000 	C:\Windows\SYSTEM32\DBGHELP.DLL
0x00007ffa9b050000 - 0x00007ffa9b07c000 	C:\Windows\SYSTEM32\dbgcore.DLL
0x00007ffaa9640000 - 0x00007ffaa96bf000 	C:\Windows\System32\bcryptPrimitives.dll
0x00007ffa9ef60000 - 0x00007ffa9ef6e000 	F:\java 17\bin\instrument.dll
0x00007ffa9c7b0000 - 0x00007ffa9c7d5000 	F:\java 17\bin\java.dll
0x00007ffa83b60000 - 0x00007ffa83c37000 	F:\java 17\bin\jsvml.dll
0x00007ffaaab00000 - 0x00007ffaab231000 	C:\Windows\System32\SHELL32.dll
0x00007ffaa77f0000 - 0x00007ffaa7f7a000 	C:\Windows\SYSTEM32\windows.storage.dll
0x00007ffaaa530000 - 0x00007ffaaa884000 	C:\Windows\System32\combase.dll
0x00007ffaa90c0000 - 0x00007ffaa90eb000 	C:\Windows\SYSTEM32\Wldp.dll
0x00007ffaabab0000 - 0x00007ffaabb5e000 	C:\Windows\System32\SHCORE.dll
0x00007ffaaa300000 - 0x00007ffaaa355000 	C:\Windows\System32\shlwapi.dll
0x00007ffaa9580000 - 0x00007ffaa959f000 	C:\Windows\SYSTEM32\profapi.dll
0x00007ffa9e670000 - 0x00007ffa9e688000 	F:\java 17\bin\zip.dll
0x00007ffa9e9a0000 - 0x00007ffa9e9b9000 	F:\java 17\bin\net.dll
0x00007ffa9f300000 - 0x00007ffa9f400000 	C:\Windows\SYSTEM32\WINHTTP.dll
0x00007ffaa8e40000 - 0x00007ffaa8eaa000 	C:\Windows\system32\mswsock.dll
0x00007ffa9e700000 - 0x00007ffa9e716000 	F:\java 17\bin\nio.dll
0x00007ffa9ef50000 - 0x00007ffa9ef5a000 	F:\java 17\bin\management.dll
0x00007ffa9eb50000 - 0x00007ffa9eb5b000 	F:\java 17\bin\management_ext.dll
0x00007ffaa9010000 - 0x00007ffaa9028000 	C:\Windows\SYSTEM32\CRYPTSP.dll
0x00007ffaa8760000 - 0x00007ffaa8794000 	C:\Windows\system32\rsaenh.dll
0x00007ffaa99b0000 - 0x00007ffaa99d7000 	C:\Windows\System32\bcrypt.dll
0x00007ffaa9540000 - 0x00007ffaa956e000 	C:\Windows\SYSTEM32\USERENV.dll
0x00007ffaa9030000 - 0x00007ffaa903c000 	C:\Windows\SYSTEM32\CRYPTBASE.dll
0x00007ffaa8ae0000 - 0x00007ffaa8b1b000 	C:\Windows\SYSTEM32\IPHLPAPI.DLL
0x00007ffaa9f60000 - 0x00007ffaa9f69000 	C:\Windows\System32\NSI.dll
0x00007ffaa08f0000 - 0x00007ffaa0907000 	C:\Windows\SYSTEM32\dhcpcsvc6.DLL
0x00007ffaa08d0000 - 0x00007ffaa08ed000 	C:\Windows\SYSTEM32\dhcpcsvc.DLL
0x00007ffaa8b20000 - 0x00007ffaa8bea000 	C:\Windows\SYSTEM32\DNSAPI.dll
0x00007ffa9eba0000 - 0x00007ffa9ebaa000 	C:\Windows\System32\rasadhlp.dll
0x00007ffa9f280000 - 0x00007ffa9f2ff000 	C:\Windows\System32\fwpuclnt.dll

dbghelp: loaded successfully - version: 4.0.5 - missing functions: none
symbol engine: initialized successfully - sym options: 0x614 - pdb path: .;F:\java 17\bin;C:\Windows\SYSTEM32;C:\Windows\WinSxS\amd64_microsoft.windows.common-controls_6595b64144ccf1df_6.0.19041.1_none_b555e41d4684ddec;F:\java 17\bin\server

VM Arguments:
jvm_args: -javaagent:C:\Users\brand\.m2\repository/org/aspectj/aspectjweaver/1.9.20.1/aspectjweaver-1.9.20.1.jar 
java_command: C:\Users\brand\AppData\Local\Temp\surefire11640836334802681740\surefirebooter-20250422023816541_3.jar C:\Users\brand\AppData\Local\Temp\surefire11640836334802681740 2025-04-22T02-38-16_094-jvmRun1 surefire-20250422023816541_1tmp surefire_0-20250422023816541_2tmp
java_class_path (initial): C:\Users\brand\AppData\Local\Temp\surefire11640836334802681740\surefirebooter-20250422023816541_3.jar
Launcher Type: SUN_STANDARD

[Global flags]
     intx CICompilerCount                          = 3                                         {product} {ergonomic}
     uint ConcGCThreads                            = 1                                         {product} {ergonomic}
     uint G1ConcRefinementThreads                  = 4                                         {product} {ergonomic}
   size_t G1HeapRegionSize                         = 1048576                                   {product} {ergonomic}
    uintx GCDrainStackTargetSize                   = 64                                        {product} {ergonomic}
   size_t InitialHeapSize                          = 121634816                                 {product} {ergonomic}
   size_t MarkStackSize                            = 4194304                                   {product} {ergonomic}
   size_t MaxHeapSize                              = 1933574144                                {product} {ergonomic}
   size_t MaxNewSize                               = 1159725056                                {product} {ergonomic}
   size_t MinHeapDeltaBytes                        = 1048576                                   {product} {ergonomic}
   size_t MinHeapSize                              = 8388608                                   {product} {ergonomic}
    uintx NonNMethodCodeHeapSize                   = 5832780                                {pd product} {ergonomic}
    uintx NonProfiledCodeHeapSize                  = 122912730                              {pd product} {ergonomic}
    uintx ProfiledCodeHeapSize                     = 122912730                              {pd product} {ergonomic}
    uintx ReservedCodeCacheSize                    = 251658240                              {pd product} {ergonomic}
     bool SegmentedCodeCache                       = true                                      {product} {ergonomic}
   size_t SoftMaxHeapSize                          = 1933574144                             {manageable} {ergonomic}
     bool UseCompressedClassPointers               = true                           {product lp64_product} {ergonomic}
     bool UseCompressedOops                        = true                           {product lp64_product} {ergonomic}
     bool UseG1GC                                  = true                                      {product} {ergonomic}
     bool UseLargePagesIndividualAllocation        = false                                  {pd product} {ergonomic}

Logging:
Log output configuration:
 #0: stdout all=warning uptime,level,tags
 #1: stderr all=off uptime,level,tags

Environment Variables:
PATH=F:\LINUX\New Folder\bin\;C:\Windows\system32;C:\Windows;C:\Windows\System32\Wbem;C:\Windows\System32\WindowsPowerShell\v1.0\;C:\Windows\System32\OpenSSH\;F:\java 17;F:\java 17\bin;F:\apache-maven-3.9.8-bin\apache-maven-3.9.8\bin;C:\Program Files\Git\cmd;C:\Program Files\nodejs\;C:\Users\brand\scoop\shims;C:\Users\brand\AppData\Local\Microsoft\WindowsApps;C:\Users\brand\AppData\Roaming\npm
USERNAME=brand
OS=Windows_NT
PROCESSOR_IDENTIFIER=AMD64 Family 21 Model 16 Stepping 1, AuthenticAMD



---------------  S Y S T E M  ---------------

OS:
 Windows 10 , 64 bit Build 19041 (10.0.19041.207)
OS uptime: 8 days 5:12 hours

CPU: total 4 (initial active 4) (4 cores per cpu, 1 threads per core) family 21 model 16 stepping 1 microcode 0x0, cx8, cmov, fxsr, mmx, 3dnowpref, sse, sse2, sse3, ssse3, sse4a, sse4.1, sse4.2, popcnt, lzcnt, tsc, tscinvbit, avx, aes, clmul, bmi1, fma, vzeroupper, clflush

Memory: 4k page, system-wide physical 7374M (1007M free)
TotalPageFile size 7374M (AvailPageFile size 5M)
current process WorkingSet (physical memory assigned to process): 217M, peak: 227M
current process commit charge ("private bytes"): 285M, peak: 294M

vm_info: Java HotSpot(TM) 64-Bit Server VM (17.0.11+7-LTS-207) for windows-amd64 JRE (17.0.11+7-LTS-207), built on Mar 11 2024 19:01:50 by "mach5one" with MS VC++ 17.6 (VS2022)

END.
